#
# There is insufficient memory for the Java Runtime Environment to continue.
# Native memory allocation (malloc) failed to allocate 262160 bytes for Chunk::new
# Possible reasons:
#   The system is out of physical RAM or swap space
#   In 32 bit mode, the process size limit was hit
# Possible solutions:
#   Reduce memory load on the system
#   Increase physical memory or swap space
#   Check if swap backing store is full
#   Use 64 bit Java on a 64 bit OS
#   Decrease Java heap size (-Xmx/-Xms)
#   Decrease number of Java threads
#   Decrease Java thread stack sizes (-Xss)
#   Set larger code cache with -XX:ReservedCodeCacheSize=
# This output file may be truncated or incomplete.
#
#  Out of Memory Error (allocation.cpp:390), pid=1592, tid=0x00000000000020e4
#
# JRE version: OpenJDK Runtime Environment (8.0_152-b01) (build 1.8.0_152-release-915-b01)
# Java VM: OpenJDK 64-Bit Server VM (25.152-b01 mixed mode windows-amd64 compressed oops)
# Failed to write core dump. Minidumps are not enabled by default on client versions of Windows
#

---------------  T H R E A D  ---------------

Current thread (0x00000000188ab800):  JavaThread "C2 CompilerThread0" daemon [_thread_in_native, id=8420, stack(0x0000000019f10000,0x000000001a010000)]

Stack: [0x0000000019f10000,0x000000001a010000]
[error occurred during error reporting (printing stack bounds), id 0xc0000005]

Native frames: (J=compiled Java code, j=interpreted, Vv=VM code, C=native code)


Current CompileTask:
C2:   8397 1435   !   4       java.net.URLClassLoader$1::run (63 bytes)


---------------  P R O C E S S  ---------------

Java Threads: ( => current thread )
  0x000000001adc9800 JavaThread "Stdin handler" [_thread_blocked, id=8536, stack(0x000000001cf60000,0x000000001d060000)]
  0x000000001ac45800 JavaThread "Asynchronous log dispatcher for DefaultDaemonConnection: socket connection from /127.0.0.1:49838 to /127.0.0.1:49839" [_thread_blocked, id=8552, stack(0x000000001ce60000,0x000000001cf60000)]
  0x000000001ac44000 JavaThread "Daemon worker" [_thread_in_native, id=8572, stack(0x000000001cd60000,0x000000001ce60000)]
  0x000000001a331000 JavaThread "pool-1-thread-1" [_thread_blocked, id=5084, stack(0x000000001cc60000,0x000000001cd60000)]
  0x000000001a330000 JavaThread "Cancel handler" [_thread_blocked, id=6924, stack(0x000000001cb60000,0x000000001cc60000)]
  0x000000001a363000 JavaThread "Handler for socket connection from /127.0.0.1:49838 to /127.0.0.1:49839" [_thread_in_native, id=7452, stack(0x000000001ca60000,0x000000001cb60000)]
  0x000000001b515000 JavaThread "Daemon" [_thread_blocked, id=8044, stack(0x000000001c960000,0x000000001ca60000)]
  0x000000001b4e0000 JavaThread "Incoming local TCP Connector on port 49838" [_thread_in_native, id=8032, stack(0x000000001c520000,0x000000001c620000)]
  0x000000001a234800 JavaThread "Service Thread" daemon [_thread_blocked, id=7360, stack(0x000000001a610000,0x000000001a710000)]
  0x00000000188b5800 JavaThread "C1 CompilerThread2" daemon [_thread_blocked, id=6300, stack(0x000000001a110000,0x000000001a210000)]
  0x00000000188ae800 JavaThread "C2 CompilerThread1" daemon [_thread_in_native, id=7928, stack(0x000000001a010000,0x000000001a110000)]
=>0x00000000188ab800 JavaThread "C2 CompilerThread0" daemon [_thread_in_native, id=8420, stack(0x0000000019f10000,0x000000001a010000)]
  0x00000000188a9800 JavaThread "Attach Listener" daemon [_thread_blocked, id=1236, stack(0x0000000019e10000,0x0000000019f10000)]
  0x00000000188a8800 JavaThread "Signal Dispatcher" daemon [_thread_blocked, id=5528, stack(0x0000000019d10000,0x0000000019e10000)]
  0x0000000018898800 JavaThread "Finalizer" daemon [_thread_blocked, id=5224, stack(0x0000000019b20000,0x0000000019c20000)]
  0x0000000004f31000 JavaThread "Reference Handler" daemon [_thread_blocked, id=6296, stack(0x0000000019a20000,0x0000000019b20000)]
  0x0000000004d3d800 JavaThread "main" [_thread_blocked, id=7972, stack(0x0000000004d40000,0x0000000004e40000)]

Other Threads:
  0x0000000018875800 VMThread [stack: 0x0000000019920000,0x0000000019a20000] [id=940]
  0x000000001a235800 WatcherThread [stack: 0x000000001a710000,0x000000001a810000] [id=7496]

VM state:not at safepoint (normal execution)

VM Mutex/Monitor currently owned by a thread: None

Heap:
 PSYoungGen      total 20992K, used 6910K [0x00000000e0000000, 0x00000000e2b00000, 0x0000000100000000)
  eden space 15360K, 14% used [0x00000000e0000000,0x00000000e022f780,0x00000000e0f00000)
  from space 5632K, 82% used [0x00000000e1500000,0x00000000e1990420,0x00000000e1a80000)
  to   space 6144K, 0% used [0x00000000e0f00000,0x00000000e0f00000,0x00000000e1500000)
 ParOldGen       total 42496K, used 5942K [0x00000000a0000000, 0x00000000a2980000, 0x00000000e0000000)
  object space 42496K, 13% used [0x00000000a0000000,0x00000000a05cd9e0,0x00000000a2980000)
 Metaspace       used 16676K, capacity 16986K, committed 17280K, reserved 1064960K
  class space    used 2309K, capacity 2414K, committed 2432K, reserved 1048576K

Card table byte_map: [0x0000000014300000,0x0000000014610000] byte_map_base: 0x0000000013e00000

Marking Bits: (ParMarkBitMap*) 0x0000000072e63950
 Begin Bits: [0x0000000014c10000, 0x0000000016410000)
 End Bits:   [0x0000000016410000, 0x0000000017c10000)

Polling page: 0x0000000002f60000

CodeCache: size=245760Kb used=5259Kb max_used=5259Kb free=240500Kb
 bounds [0x0000000004f40000, 0x0000000005470000, 0x0000000013f40000]
 total_blobs=1874 nmethods=1483 adapters=305
 compilation: enabled

Compilation events (10 events):
Event: 8.263 Thread 0x00000000188b5800 1486       3       org.gradle.groovy.scripts.DelegatingScriptSource::getClassName (10 bytes)
Event: 8.264 Thread 0x00000000188b5800 nmethod 1486 0x0000000005458390 code [0x0000000005458500, 0x0000000005458728]
Event: 8.264 Thread 0x00000000188b5800 1487       3       org.gradle.groovy.scripts.AbstractUriScriptSource::getClassName (41 bytes)
Event: 8.265 Thread 0x00000000188b5800 nmethod 1487 0x00000000054587d0 code [0x0000000005458980, 0x0000000005458ed8]
Event: 8.266 Thread 0x00000000188b5800 1488       3       java.util.regex.Matcher::appendReplacement (571 bytes)
Event: 8.286 Thread 0x00000000188b5800 nmethod 1488 0x0000000005459110 code [0x0000000005459860, 0x000000000545f198]
Event: 8.301 Thread 0x00000000188b5800 1489       3       org.objectweb.asm.Type::a (269 bytes)
Event: 8.302 Thread 0x00000000188b5800 nmethod 1489 0x0000000005462490 code [0x0000000005462680, 0x0000000005462f70]
Event: 8.318 Thread 0x00000000188b5800 1490       3       java.lang.AbstractStringBuilder::append (144 bytes)
Event: 8.320 Thread 0x00000000188b5800 nmethod 1490 0x0000000005463350 code [0x0000000005463620, 0x0000000005464b08]

GC Heap History (10 events):
Event: 2.468 GC heap before
{Heap before GC invocations=2 (full 0):
 PSYoungGen      total 18432K, used 18403K [0x00000000e0000000, 0x00000000e1480000, 0x0000000100000000)
  eden space 15872K, 100% used [0x00000000e0000000,0x00000000e0f80000,0x00000000e0f80000)
  from space 2560K, 98% used [0x00000000e0f80000,0x00000000e11f8d30,0x00000000e1200000)
  to   space 2560K, 0% used [0x00000000e1200000,0x00000000e1200000,0x00000000e1480000)
 ParOldGen       total 42496K, used 614K [0x00000000a0000000, 0x00000000a2980000, 0x00000000e0000000)
  object space 42496K, 1% used [0x00000000a0000000,0x00000000a0099b38,0x00000000a2980000)
 Metaspace       used 6908K, capacity 7008K, committed 7040K, reserved 1056768K
  class space    used 848K, capacity 888K, committed 896K, reserved 1048576K
Event: 2.474 GC heap after
Heap after GC invocations=2 (full 0):
 PSYoungGen      total 18432K, used 2414K [0x00000000e0000000, 0x00000000e1480000, 0x0000000100000000)
  eden space 15872K, 0% used [0x00000000e0000000,0x00000000e0000000,0x00000000e0f80000)
  from space 2560K, 94% used [0x00000000e1200000,0x00000000e145bae8,0x00000000e1480000)
  to   space 2560K, 0% used [0x00000000e0f80000,0x00000000e0f80000,0x00000000e1200000)
 ParOldGen       total 42496K, used 622K [0x00000000a0000000, 0x00000000a2980000, 0x00000000e0000000)
  object space 42496K, 1% used [0x00000000a0000000,0x00000000a009bb38,0x00000000a2980000)
 Metaspace       used 6908K, capacity 7008K, committed 7040K, reserved 1056768K
  class space    used 848K, capacity 888K, committed 896K, reserved 1048576K
}
Event: 4.084 GC heap before
{Heap before GC invocations=3 (full 0):
 PSYoungGen      total 18432K, used 18286K [0x00000000e0000000, 0x00000000e1480000, 0x0000000100000000)
  eden space 15872K, 100% used [0x00000000e0000000,0x00000000e0f80000,0x00000000e0f80000)
  from space 2560K, 94% used [0x00000000e1200000,0x00000000e145bae8,0x00000000e1480000)
  to   space 2560K, 0% used [0x00000000e0f80000,0x00000000e0f80000,0x00000000e1200000)
 ParOldGen       total 42496K, used 622K [0x00000000a0000000, 0x00000000a2980000, 0x00000000e0000000)
  object space 42496K, 1% used [0x00000000a0000000,0x00000000a009bb38,0x00000000a2980000)
 Metaspace       used 8746K, capacity 8926K, committed 9216K, reserved 1056768K
  class space    used 1114K, capacity 1185K, committed 1280K, reserved 1048576K
Event: 4.100 GC heap after
Heap after GC invocations=3 (full 0):
 PSYoungGen      total 18432K, used 2530K [0x00000000e0000000, 0x00000000e1480000, 0x0000000100000000)
  eden space 15872K, 0% used [0x00000000e0000000,0x00000000e0000000,0x00000000e0f80000)
  from space 2560K, 98% used [0x00000000e0f80000,0x00000000e11f8b80,0x00000000e1200000)
  to   space 2560K, 0% used [0x00000000e1200000,0x00000000e1200000,0x00000000e1480000)
 ParOldGen       total 42496K, used 1674K [0x00000000a0000000, 0x00000000a2980000, 0x00000000e0000000)
  object space 42496K, 3% used [0x00000000a0000000,0x00000000a01a28c8,0x00000000a2980000)
 Metaspace       used 8746K, capacity 8926K, committed 9216K, reserved 1056768K
  class space    used 1114K, capacity 1185K, committed 1280K, reserved 1048576K
}
Event: 5.895 GC heap before
{Heap before GC invocations=4 (full 0):
 PSYoungGen      total 18432K, used 18402K [0x00000000e0000000, 0x00000000e1480000, 0x0000000100000000)
  eden space 15872K, 100% used [0x00000000e0000000,0x00000000e0f80000,0x00000000e0f80000)
  from space 2560K, 98% used [0x00000000e0f80000,0x00000000e11f8b80,0x00000000e1200000)
  to   space 2560K, 0% used [0x00000000e1200000,0x00000000e1200000,0x00000000e1480000)
 ParOldGen       total 42496K, used 1674K [0x00000000a0000000, 0x00000000a2980000, 0x00000000e0000000)
  object space 42496K, 3% used [0x00000000a0000000,0x00000000a01a28c8,0x00000000a2980000)
 Metaspace       used 13035K, capacity 13378K, committed 13696K, reserved 1060864K
  class space    used 1725K, capacity 1834K, committed 1920K, reserved 1048576K
Event: 5.905 GC heap after
Heap after GC invocations=4 (full 0):
 PSYoungGen      total 18432K, used 2544K [0x00000000e0000000, 0x00000000e1480000, 0x0000000100000000)
  eden space 15872K, 0% used [0x00000000e0000000,0x00000000e0000000,0x00000000e0f80000)
  from space 2560K, 99% used [0x00000000e1200000,0x00000000e147c010,0x00000000e1480000)
  to   space 2560K, 0% used [0x00000000e0f80000,0x00000000e0f80000,0x00000000e1200000)
 ParOldGen       total 42496K, used 3847K [0x00000000a0000000, 0x00000000a2980000, 0x00000000e0000000)
  object space 42496K, 9% used [0x00000000a0000000,0x00000000a03c1cc0,0x00000000a2980000)
 Metaspace       used 13035K, capacity 13378K, committed 13696K, reserved 1060864K
  class space    used 1725K, capacity 1834K, committed 1920K, reserved 1048576K
}
Event: 6.446 GC heap before
{Heap before GC invocations=5 (full 0):
 PSYoungGen      total 18432K, used 18416K [0x00000000e0000000, 0x00000000e1480000, 0x0000000100000000)
  eden space 15872K, 100% used [0x00000000e0000000,0x00000000e0f80000,0x00000000e0f80000)
  from space 2560K, 99% used [0x00000000e1200000,0x00000000e147c010,0x00000000e1480000)
  to   space 2560K, 0% used [0x00000000e0f80000,0x00000000e0f80000,0x00000000e1200000)
 ParOldGen       total 42496K, used 3847K [0x00000000a0000000, 0x00000000a2980000, 0x00000000e0000000)
  object space 42496K, 9% used [0x00000000a0000000,0x00000000a03c1cc0,0x00000000a2980000)
 Metaspace       used 14416K, capacity 14690K, committed 14976K, reserved 1062912K
  class space    used 1955K, capacity 2058K, committed 2176K, reserved 1048576K
Event: 6.455 GC heap after
Heap after GC invocations=5 (full 0):
 PSYoungGen      total 18432K, used 2544K [0x00000000e0000000, 0x00000000e1a80000, 0x0000000100000000)
  eden space 15872K, 0% used [0x00000000e0000000,0x00000000e0000000,0x00000000e0f80000)
  from space 2560K, 99% used [0x00000000e0f80000,0x00000000e11fc010,0x00000000e1200000)
  to   space 5632K, 0% used [0x00000000e1500000,0x00000000e1500000,0x00000000e1a80000)
 ParOldGen       total 42496K, used 5934K [0x00000000a0000000, 0x00000000a2980000, 0x00000000e0000000)
  object space 42496K, 13% used [0x00000000a0000000,0x00000000a05cb9e0,0x00000000a2980000)
 Metaspace       used 14416K, capacity 14690K, committed 14976K, reserved 1062912K
  class space    used 1955K, capacity 2058K, committed 2176K, reserved 1048576K
}
Event: 7.219 GC heap before
{Heap before GC invocations=6 (full 0):
 PSYoungGen      total 18432K, used 18416K [0x00000000e0000000, 0x00000000e1a80000, 0x0000000100000000)
  eden space 15872K, 100% used [0x00000000e0000000,0x00000000e0f80000,0x00000000e0f80000)
  from space 2560K, 99% used [0x00000000e0f80000,0x00000000e11fc010,0x00000000e1200000)
  to   space 5632K, 0% used [0x00000000e1500000,0x00000000e1500000,0x00000000e1a80000)
 ParOldGen       total 42496K, used 5934K [0x00000000a0000000, 0x00000000a2980000, 0x00000000e0000000)
  object space 42496K, 13% used [0x00000000a0000000,0x00000000a05cb9e0,0x00000000a2980000)
 Metaspace       used 16370K, capacity 16666K, committed 17024K, reserved 1064960K
  class space    used 2272K, capacity 2350K, committed 2432K, reserved 1048576K
Event: 7.231 GC heap after
Heap after GC invocations=6 (full 0):
 PSYoungGen      total 20992K, used 4673K [0x00000000e0000000, 0x00000000e2b00000, 0x0000000100000000)
  eden space 15360K, 0% used [0x00000000e0000000,0x00000000e0000000,0x00000000e0f00000)
  from space 5632K, 82% used [0x00000000e1500000,0x00000000e1990420,0x00000000e1a80000)
  to   space 6144K, 0% used [0x00000000e0f00000,0x00000000e0f00000,0x00000000e1500000)
 ParOldGen       total 42496K, used 5942K [0x00000000a0000000, 0x00000000a2980000, 0x00000000e0000000)
  object space 42496K, 13% used [0x00000000a0000000,0x00000000a05cd9e0,0x00000000a2980000)
 Metaspace       used 16370K, capacity 16666K, committed 17024K, reserved 1064960K
  class space    used 2272K, capacity 2350K, committed 2432K, reserved 1048576K
}

Deoptimization events (10 events):
Event: 6.306 Thread 0x000000001ac44000 Uncommon trap: reason=class_check action=maybe_recompile pc=0x00000000051b0c9c method=java.util.regex.Matcher.match(II)Z @ 86
Event: 6.309 Thread 0x000000001ac44000 Uncommon trap: reason=class_check action=maybe_recompile pc=0x00000000051b0c9c method=java.util.regex.Matcher.match(II)Z @ 86
Event: 6.939 Thread 0x000000001ac44000 Uncommon trap: reason=unstable_if action=reinterpret pc=0x0000000005094f48 method=java.net.URI.match(CJJ)Z @ 19
Event: 6.939 Thread 0x000000001ac44000 Uncommon trap: reason=unstable_if action=reinterpret pc=0x00000000051de340 method=java.net.URI.match(CJJ)Z @ 19
Event: 7.217 Thread 0x000000001ac44000 Uncommon trap: reason=unstable_if action=reinterpret pc=0x0000000005224700 method=java.lang.AbstractStringBuilder.append(Ljava/lang/String;)Ljava/lang/AbstractStringBuilder; @ 1
Event: 7.217 Thread 0x000000001ac44000 Uncommon trap: reason=unstable_if action=reinterpret pc=0x0000000005164f38 method=java.lang.AbstractStringBuilder.append(Ljava/lang/String;)Ljava/lang/AbstractStringBuilder; @ 1
Event: 7.722 Thread 0x000000001ac44000 Uncommon trap: reason=class_check action=maybe_recompile pc=0x0000000005104ba0 method=java.lang.String.equals(Ljava/lang/Object;)Z @ 8
Event: 7.722 Thread 0x000000001ac44000 Uncommon trap: reason=class_check action=maybe_recompile pc=0x0000000005104ba0 method=java.lang.String.equals(Ljava/lang/Object;)Z @ 8
Event: 7.730 Thread 0x000000001ac44000 Uncommon trap: reason=class_check action=maybe_recompile pc=0x0000000005104ba0 method=java.lang.String.equals(Ljava/lang/Object;)Z @ 8
Event: 7.730 Thread 0x000000001ac44000 Uncommon trap: reason=class_check action=maybe_recompile pc=0x0000000005104ba0 method=java.lang.String.equals(Ljava/lang/Object;)Z @ 8

Classes redefined (0 events):
No events

Internal exceptions (10 events):
Event: 5.741 Thread 0x000000001ac44000 Exception <a 'java/lang/NoSuchMethodError': <clinit>> (0x00000000e0bdfe38) thrown at [D:\src\AOSP-openjdk-cygwin\jdk8u\hotspot\src\share\vm\prims\jni.cpp, line 1613]
Event: 5.743 Thread 0x000000001ac44000 Exception <a 'java/lang/NoSuchMethodError': <clinit>> (0x00000000e0be80c0) thrown at [D:\src\AOSP-openjdk-cygwin\jdk8u\hotspot\src\share\vm\prims\jni.cpp, line 1613]
Event: 5.843 Thread 0x000000001ac44000 Exception <a 'java/lang/ArrayIndexOutOfBoundsException'> (0x00000000e0e050f8) thrown at [D:\src\AOSP-openjdk-cygwin\jdk8u\hotspot\src\share\vm\runtime\sharedRuntime.cpp, line 605]
Event: 5.882 Thread 0x000000001ac44000 Exception <a 'java/lang/ArrayIndexOutOfBoundsException'> (0x00000000e0ed7168) thrown at [D:\src\AOSP-openjdk-cygwin\jdk8u\hotspot\src\share\vm\runtime\sharedRuntime.cpp, line 605]
Event: 7.070 Thread 0x000000001ac44000 Exception <a 'java/lang/NoSuchMethodError': <clinit>> (0x00000000e0c86810) thrown at [D:\src\AOSP-openjdk-cygwin\jdk8u\hotspot\src\share\vm\prims\jni.cpp, line 1613]
Event: 7.070 Thread 0x000000001ac44000 Exception <a 'java/lang/NoSuchMethodError': <clinit>> (0x00000000e0c88fe0) thrown at [D:\src\AOSP-openjdk-cygwin\jdk8u\hotspot\src\share\vm\prims\jni.cpp, line 1613]
Event: 7.073 Thread 0x000000001ac44000 Exception <a 'java/lang/NoSuchMethodError': <clinit>> (0x00000000e0c95308) thrown at [D:\src\AOSP-openjdk-cygwin\jdk8u\hotspot\src\share\vm\prims\jni.cpp, line 1613]
Event: 7.078 Thread 0x000000001ac44000 Exception <a 'java/lang/NoSuchMethodError': <clinit>> (0x00000000e0c9f988) thrown at [D:\src\AOSP-openjdk-cygwin\jdk8u\hotspot\src\share\vm\prims\jni.cpp, line 1613]
Event: 7.217 Thread 0x000000001ac44000 Implicit null exception at 0x0000000005224356 to 0x00000000052246e9
Event: 7.217 Thread 0x000000001ac44000 Implicit null exception at 0x0000000005164b96 to 0x0000000005164f21

Events (10 events):
Event: 7.722 Thread 0x000000001ac44000 DEOPT UNPACKING pc=0x0000000004f8556a sp=0x000000001ce5c970 mode 2
Event: 7.722 Thread 0x000000001ac44000 Uncommon trap: trap_request=0xffffffde fr.pc=0x0000000005104ba0
Event: 7.722 Thread 0x000000001ac44000 DEOPT PACKING pc=0x0000000005104ba0 sp=0x000000001ce5c9e0
Event: 7.722 Thread 0x000000001ac44000 DEOPT UNPACKING pc=0x0000000004f8556a sp=0x000000001ce5c970 mode 2
Event: 7.730 Thread 0x000000001ac44000 Uncommon trap: trap_request=0xffffffde fr.pc=0x0000000005104ba0
Event: 7.730 Thread 0x000000001ac44000 DEOPT PACKING pc=0x0000000005104ba0 sp=0x000000001ce5c9e0
Event: 7.730 Thread 0x000000001ac44000 DEOPT UNPACKING pc=0x0000000004f8556a sp=0x000000001ce5c970 mode 2
Event: 7.730 Thread 0x000000001ac44000 Uncommon trap: trap_request=0xffffffde fr.pc=0x0000000005104ba0
Event: 7.730 Thread 0x000000001ac44000 DEOPT PACKING pc=0x0000000005104ba0 sp=0x000000001ce5c9e0
Event: 7.730 Thread 0x000000001ac44000 DEOPT UNPACKING pc=0x0000000004f8556a sp=0x000000001ce5c970 mode 2


Dynamic libraries:
0x00007ff72c630000 - 0x00007ff72c661000 	C:\Program Files\Android\Android Studio2\jre\bin\java.exe
0x00007ffb71980000 - 0x00007ffb71b60000 	C:\WINDOWS\SYSTEM32\ntdll.dll
0x00007ffb70b40000 - 0x00007ffb70bee000 	C:\WINDOWS\System32\KERNEL32.DLL
0x00007ffb6dd80000 - 0x00007ffb6dfe6000 	C:\WINDOWS\System32\KERNELBASE.dll
0x00007ffb713f0000 - 0x00007ffb71491000 	C:\WINDOWS\System32\ADVAPI32.dll
0x00007ffb70aa0000 - 0x00007ffb70b3d000 	C:\WINDOWS\System32\msvcrt.dll
0x00007ffb718f0000 - 0x00007ffb7194b000 	C:\WINDOWS\System32\sechost.dll
0x00007ffb6f0f0000 - 0x00007ffb6f20f000 	C:\WINDOWS\System32\RPCRT4.dll
0x00007ffb6ef60000 - 0x00007ffb6f0ef000 	C:\WINDOWS\System32\USER32.dll
0x00007ffb6ee30000 - 0x00007ffb6ee50000 	C:\WINDOWS\System32\win32u.dll
0x00007ffb70c10000 - 0x00007ffb70c38000 	C:\WINDOWS\System32\GDI32.dll
0x00007ffb6ec30000 - 0x00007ffb6edc4000 	C:\WINDOWS\System32\gdi32full.dll
0x00007ffb6dff0000 - 0x00007ffb6e08b000 	C:\WINDOWS\System32\msvcp_win.dll
0x00007ffb6e090000 - 0x00007ffb6e186000 	C:\WINDOWS\System32\ucrtbase.dll
0x00007ffb5efc0000 - 0x00007ffb5f229000 	C:\WINDOWS\WinSxS\amd64_microsoft.windows.common-controls_6595b64144ccf1df_6.0.16299.64_none_cc9304e22215ca8f\COMCTL32.dll
0x00007ffb70c40000 - 0x00007ffb70f48000 	C:\WINDOWS\System32\combase.dll
0x00007ffb6e190000 - 0x00007ffb6e202000 	C:\WINDOWS\System32\bcryptPrimitives.dll
0x00007ffb70a70000 - 0x00007ffb70a9d000 	C:\WINDOWS\System32\IMM32.DLL
0x00000000724e0000 - 0x00000000725b2000 	C:\Program Files\Android\Android Studio2\jre\jre\bin\msvcr100.dll
0x00000000726a0000 - 0x0000000072ede000 	C:\Program Files\Android\Android Studio2\jre\jre\bin\server\jvm.dll
0x00007ffb70bf0000 - 0x00007ffb70bf8000 	C:\WINDOWS\System32\PSAPI.DLL
0x00007ffb6bbd0000 - 0x00007ffb6bbf3000 	C:\WINDOWS\SYSTEM32\WINMM.dll
0x00007ffb5f2f0000 - 0x00007ffb5f2f9000 	C:\WINDOWS\SYSTEM32\WSOCK32.dll
0x00007ffb5f430000 - 0x00007ffb5f43a000 	C:\WINDOWS\SYSTEM32\VERSION.dll
0x00007ffb6bb70000 - 0x00007ffb6bb9a000 	C:\WINDOWS\SYSTEM32\WINMMBASE.dll
0x00007ffb6e210000 - 0x00007ffb6e25a000 	C:\WINDOWS\System32\cfgmgr32.dll
0x00007ffb70f50000 - 0x00007ffb70fbc000 	C:\WINDOWS\System32\WS2_32.dll
0x00007ffb68e10000 - 0x00007ffb68e1f000 	C:\Program Files\Android\Android Studio2\jre\jre\bin\verify.dll
0x00007ffb68de0000 - 0x00007ffb68e09000 	C:\Program Files\Android\Android Studio2\jre\jre\bin\java.dll
0x00007ffb68dc0000 - 0x00007ffb68dd6000 	C:\Program Files\Android\Android Studio2\jre\jre\bin\zip.dll
0x00007ffb6f210000 - 0x00007ffb70647000 	C:\WINDOWS\System32\SHELL32.dll
0x00007ffb70920000 - 0x00007ffb709c6000 	C:\WINDOWS\System32\shcore.dll
0x00007ffb6e430000 - 0x00007ffb6eb77000 	C:\WINDOWS\System32\windows.storage.dll
0x00007ffb711f0000 - 0x00007ffb71241000 	C:\WINDOWS\System32\shlwapi.dll
0x00007ffb6dd20000 - 0x00007ffb6dd31000 	C:\WINDOWS\System32\kernel.appcore.dll
0x00007ffb6dcd0000 - 0x00007ffb6dd1c000 	C:\WINDOWS\System32\powrprof.dll
0x00007ffb6dd60000 - 0x00007ffb6dd7b000 	C:\WINDOWS\System32\profapi.dll
0x00007ffb68da0000 - 0x00007ffb68dba000 	C:\Program Files\Android\Android Studio2\jre\jre\bin\net.dll
0x00007ffb6d500000 - 0x00007ffb6d566000 	C:\WINDOWS\system32\mswsock.dll
0x00007ffb68d80000 - 0x00007ffb68d91000 	C:\Program Files\Android\Android Studio2\jre\jre\bin\nio.dll
0x00007ffb59df0000 - 0x00007ffb59e0e000 	C:\Users\chicktech\.gradle\native\23\windows-amd64\native-platform.dll
0x00007ffb6d6c0000 - 0x00007ffb6d6d7000 	C:\WINDOWS\SYSTEM32\CRYPTSP.dll
0x00007ffb6d110000 - 0x00007ffb6d143000 	C:\WINDOWS\system32\rsaenh.dll
0x00007ffb6d7d0000 - 0x00007ffb6d7f5000 	C:\WINDOWS\SYSTEM32\bcrypt.dll
0x00007ffb6dc00000 - 0x00007ffb6dc29000 	C:\WINDOWS\SYSTEM32\USERENV.dll
0x00007ffb6d6e0000 - 0x00007ffb6d6eb000 	C:\WINDOWS\SYSTEM32\CRYPTBASE.dll
0x00007ffb6d290000 - 0x00007ffb6d2c9000 	C:\WINDOWS\SYSTEM32\IPHLPAPI.DLL
0x00007ffb70c00000 - 0x00007ffb70c08000 	C:\WINDOWS\System32\NSI.dll
0x00007ffb63e60000 - 0x00007ffb63e76000 	C:\WINDOWS\SYSTEM32\dhcpcsvc6.DLL
0x00007ffb63e40000 - 0x00007ffb63e5a000 	C:\WINDOWS\SYSTEM32\dhcpcsvc.DLL
0x00007ffb68d50000 - 0x00007ffb68d5d000 	C:\Program Files\Android\Android Studio2\jre\jre\bin\management.dll

VM Arguments:
jvm_args: -Xmx1536m -Dfile.encoding=windows-1252 -Duser.country=US -Duser.language=en -Duser.variant 
java_command: org.gradle.launcher.daemon.bootstrap.GradleDaemon 3.3
java_class_path (initial): C:\Users\chicktech\.gradle\wrapper\dists\gradle-3.3-all\55gk2rcmfc6p2dg9u9ohc3hw9\gradle-3.3\lib\gradle-launcher-3.3.jar
Launcher Type: SUN_STANDARD

Environment Variables:
PATH=C:\Program Files (x86)\Intel\TXE Components\iCLS\;C:\Program Files\Intel\TXE Components\iCLS\;C:\WINDOWS\system32;C:\WINDOWS;C:\WINDOWS\System32\Wbem;C:\WINDOWS\System32\WindowsPowerShell\v1.0\;C:\Program Files\Intel\TXE Components\DAL\;C:\Program Files (x86)\Intel\TXE Components\DAL\;C:\Program Files\Intel\TXE Components\IPT\;C:\Program Files (x86)\Intel\TXE Components\IPT\;C:\Program Files\Git\cmd;C:\Users\chicktech\AppData\Local\Microsoft\WindowsApps;
USERNAME=chicktech
OS=Windows_NT
PROCESSOR_IDENTIFIER=Intel64 Family 6 Model 92 Stepping 9, GenuineIntel



---------------  S Y S T E M  ---------------

OS: Windows 10.0 , 64 bit Build 16299 (10.0.16299.15)

CPU:total 4 (initial active 4) (4 cores per cpu, 1 threads per core) family 6 model 92 stepping 9, cmov, cx8, fxsr, mmx, sse, sse2, sse3, ssse3, sse4.1, sse4.2, popcnt, aes, clmul, erms, 3dnowpref, tsc, tscinvbit

Memory: 4k page, physical 4030688k(239408k free), swap 5310688k(4228k free)

vm_info: OpenJDK 64-Bit Server VM (25.152-b01) for windows-amd64 JRE (1.8.0_152-release-915-b01), built by "builder" with MS VC++ 10.0 (VS2010)

time: Fri Dec 08 11:13:14 2017
elapsed time: 8 seconds (0d 0h 0m 8s)

