#
# There is insufficient memory for the Java Runtime Environment to continue.
# Native memory allocation (malloc) failed to allocate 1641264 bytes for Chunk::new
# Possible reasons:
#   The system is out of physical RAM or swap space
#   In 32 bit mode, the process size limit was hit
# Possible solutions:
#   Reduce memory load on the system
#   Increase physical memory or swap space
#   Check if swap backing store is full
#   Use 64 bit Java on a 64 bit OS
#   Decrease Java heap size (-Xmx/-Xms)
#   Decrease number of Java threads
#   Decrease Java thread stack sizes (-Xss)
#   Set larger code cache with -XX:ReservedCodeCacheSize=
# This output file may be truncated or incomplete.
#
#  Out of Memory Error (allocation.cpp:390), pid=8168, tid=0x0000000000000c04
#
# JRE version: OpenJDK Runtime Environment (8.0_152-b01) (build 1.8.0_152-release-915-b01)
# Java VM: OpenJDK 64-Bit Server VM (25.152-b01 mixed mode windows-amd64 compressed oops)
# Failed to write core dump. Minidumps are not enabled by default on client versions of Windows
#

---------------  T H R E A D  ---------------

Current thread (0x000000001853f800):  JavaThread "C2 CompilerThread1" daemon [_thread_in_native, id=3076, stack(0x0000000019c80000,0x0000000019d80000)]

Stack: [0x0000000019c80000,0x0000000019d80000]
[error occurred during error reporting (printing stack bounds), id 0xc0000005]

Native frames: (J=compiled Java code, j=interpreted, Vv=VM code, C=native code)


Current CompileTask:
C2:   8216 1347       4       java.net.URLClassLoader$1::run (5 bytes)


---------------  P R O C E S S  ---------------

Java Threads: ( => current thread )
  0x000000001a805800 JavaThread "Stdin handler" [_thread_blocked, id=2200, stack(0x000000001dba0000,0x000000001dca0000)]
  0x000000001a801800 JavaThread "Asynchronous log dispatcher for DefaultDaemonConnection: socket connection from /127.0.0.1:49822 to /127.0.0.1:49823" [_thread_blocked, id=4240, stack(0x000000001daa0000,0x000000001dba0000)]
  0x000000001a800800 JavaThread "Daemon worker" [_thread_in_native, id=6620, stack(0x000000001d9a0000,0x000000001daa0000)]
  0x000000001a6aa000 JavaThread "Cancel handler" [_thread_blocked, id=9052, stack(0x000000001d8a0000,0x000000001d9a0000)]
  0x000000001b2ad800 JavaThread "pool-1-thread-1" [_thread_blocked, id=8544, stack(0x000000001d7a0000,0x000000001d8a0000)]
  0x000000001aad5000 JavaThread "Handler for socket connection from /127.0.0.1:49822 to /127.0.0.1:49823" [_thread_in_native, id=8540, stack(0x000000001d6a0000,0x000000001d7a0000)]
  0x000000001ba6b800 JavaThread "Daemon" [_thread_blocked, id=4588, stack(0x000000001d5a0000,0x000000001d6a0000)]
  0x000000001b753000 JavaThread "Incoming local TCP Connector on port 49822" [_thread_in_native, id=4184, stack(0x000000001d160000,0x000000001d260000)]
  0x0000000019da9000 JavaThread "Service Thread" daemon [_thread_blocked, id=8364, stack(0x000000001a280000,0x000000001a380000)]
  0x0000000019d86800 JavaThread "C1 CompilerThread2" daemon [_thread_blocked, id=2244, stack(0x000000001a180000,0x000000001a280000)]
=>0x000000001853f800 JavaThread "C2 CompilerThread1" daemon [_thread_in_native, id=3076, stack(0x0000000019c80000,0x0000000019d80000)]
  0x000000001853c000 JavaThread "C2 CompilerThread0" daemon [_thread_in_native, id=4984, stack(0x0000000019b80000,0x0000000019c80000)]
  0x000000001853a800 JavaThread "Attach Listener" daemon [_thread_blocked, id=8548, stack(0x0000000019a80000,0x0000000019b80000)]
  0x0000000018539800 JavaThread "Signal Dispatcher" daemon [_thread_blocked, id=9056, stack(0x0000000019980000,0x0000000019a80000)]
  0x0000000018528800 JavaThread "Finalizer" daemon [_thread_blocked, id=9060, stack(0x0000000019790000,0x0000000019890000)]
  0x0000000004bc1000 JavaThread "Reference Handler" daemon [_thread_blocked, id=7096, stack(0x0000000019690000,0x0000000019790000)]
  0x0000000002f8d800 JavaThread "main" [_thread_blocked, id=8824, stack(0x00000000049d0000,0x0000000004ad0000)]

Other Threads:
  0x0000000018505800 VMThread [stack: 0x0000000019590000,0x0000000019690000] [id=5516]
  0x0000000019daa000 WatcherThread [stack: 0x000000001a380000,0x000000001a480000] [id=5164]

VM state:not at safepoint (normal execution)

VM Mutex/Monitor currently owned by a thread: None

Heap:
 PSYoungGen      total 20992K, used 6442K [0x00000000e0000000, 0x00000000e2b00000, 0x0000000100000000)
  eden space 15360K, 11% used [0x00000000e0000000,0x00000000e01c34f8,0x00000000e0f00000)
  from space 5632K, 82% used [0x00000000e1500000,0x00000000e1987408,0x00000000e1a80000)
  to   space 6144K, 0% used [0x00000000e0f00000,0x00000000e0f00000,0x00000000e1500000)
 ParOldGen       total 42496K, used 5867K [0x00000000a0000000, 0x00000000a2980000, 0x00000000e0000000)
  object space 42496K, 13% used [0x00000000a0000000,0x00000000a05bac90,0x00000000a2980000)
 Metaspace       used 16635K, capacity 16930K, committed 17024K, reserved 1064960K
  class space    used 2310K, capacity 2414K, committed 2432K, reserved 1048576K

Card table byte_map: [0x0000000013f90000,0x00000000142a0000] byte_map_base: 0x0000000013a90000

Marking Bits: (ParMarkBitMap*) 0x0000000072e63950
 Begin Bits: [0x00000000148a0000, 0x00000000160a0000)
 End Bits:   [0x00000000160a0000, 0x00000000178a0000)

Polling page: 0x0000000002c00000

CodeCache: size=245760Kb used=4978Kb max_used=4978Kb free=240781Kb
 bounds [0x0000000004bd0000, 0x00000000050b0000, 0x0000000013bd0000]
 total_blobs=1836 nmethods=1445 adapters=305
 compilation: enabled

Compilation events (10 events):
Event: 8.087 Thread 0x0000000019d86800 1449       3       java.util.regex.Pattern$BnM::optimize (179 bytes)
Event: 8.089 Thread 0x0000000019d86800 nmethod 1449 0x00000000050a8210 code [0x00000000050a8420, 0x00000000050a9028]
Event: 8.090 Thread 0x0000000019d86800 1450       3       java.util.regex.Pattern::expr (142 bytes)
Event: 8.092 Thread 0x0000000019d86800 nmethod 1450 0x00000000050a95d0 code [0x00000000050a9800, 0x00000000050aa428]
Event: 8.093 Thread 0x0000000019d86800 1451       3       org.objectweb.asm.ClassReader::readUnsignedShort (26 bytes)
Event: 8.093 Thread 0x0000000019d86800 nmethod 1451 0x00000000050aaa90 code [0x00000000050aabe0, 0x00000000050aad90]
Event: 8.094 Thread 0x0000000019d86800 1452       3       java.util.regex.Pattern::RemoveQEQuoting (346 bytes)
Event: 8.096 Thread 0x0000000019d86800 nmethod 1452 0x00000000050aae90 code [0x00000000050ab0e0, 0x00000000050ac1d8]
Event: 8.100 Thread 0x0000000019d86800 1453       3       java.util.regex.Pattern::newSlice (181 bytes)
Event: 8.103 Thread 0x0000000019d86800 nmethod 1453 0x00000000050acb10 code [0x00000000050acde0, 0x00000000050ae078]

GC Heap History (10 events):
Event: 2.128 GC heap before
{Heap before GC invocations=2 (full 0):
 PSYoungGen      total 18432K, used 18408K [0x00000000e0000000, 0x00000000e1480000, 0x0000000100000000)
  eden space 15872K, 100% used [0x00000000e0000000,0x00000000e0f80000,0x00000000e0f80000)
  from space 2560K, 99% used [0x00000000e0f80000,0x00000000e11fa040,0x00000000e1200000)
  to   space 2560K, 0% used [0x00000000e1200000,0x00000000e1200000,0x00000000e1480000)
 ParOldGen       total 42496K, used 557K [0x00000000a0000000, 0x00000000a2980000, 0x00000000e0000000)
  object space 42496K, 1% used [0x00000000a0000000,0x00000000a008b400,0x00000000a2980000)
 Metaspace       used 6904K, capacity 7016K, committed 7040K, reserved 1056768K
  class space    used 848K, capacity 888K, committed 896K, reserved 1048576K
Event: 2.134 GC heap after
Heap after GC invocations=2 (full 0):
 PSYoungGen      total 18432K, used 2398K [0x00000000e0000000, 0x00000000e1480000, 0x0000000100000000)
  eden space 15872K, 0% used [0x00000000e0000000,0x00000000e0000000,0x00000000e0f80000)
  from space 2560K, 93% used [0x00000000e1200000,0x00000000e1457ad8,0x00000000e1480000)
  to   space 2560K, 0% used [0x00000000e0f80000,0x00000000e0f80000,0x00000000e1200000)
 ParOldGen       total 42496K, used 565K [0x00000000a0000000, 0x00000000a2980000, 0x00000000e0000000)
  object space 42496K, 1% used [0x00000000a0000000,0x00000000a008d400,0x00000000a2980000)
 Metaspace       used 6904K, capacity 7016K, committed 7040K, reserved 1056768K
  class space    used 848K, capacity 888K, committed 896K, reserved 1048576K
}
Event: 3.463 GC heap before
{Heap before GC invocations=3 (full 0):
 PSYoungGen      total 18432K, used 18270K [0x00000000e0000000, 0x00000000e1480000, 0x0000000100000000)
  eden space 15872K, 100% used [0x00000000e0000000,0x00000000e0f80000,0x00000000e0f80000)
  from space 2560K, 93% used [0x00000000e1200000,0x00000000e1457ad8,0x00000000e1480000)
  to   space 2560K, 0% used [0x00000000e0f80000,0x00000000e0f80000,0x00000000e1200000)
 ParOldGen       total 42496K, used 565K [0x00000000a0000000, 0x00000000a2980000, 0x00000000e0000000)
  object space 42496K, 1% used [0x00000000a0000000,0x00000000a008d400,0x00000000a2980000)
 Metaspace       used 8757K, capacity 8934K, committed 9216K, reserved 1056768K
  class space    used 1115K, capacity 1185K, committed 1280K, reserved 1048576K
Event: 3.480 GC heap after
Heap after GC invocations=3 (full 0):
 PSYoungGen      total 18432K, used 2546K [0x00000000e0000000, 0x00000000e1480000, 0x0000000100000000)
  eden space 15872K, 0% used [0x00000000e0000000,0x00000000e0000000,0x00000000e0f80000)
  from space 2560K, 99% used [0x00000000e0f80000,0x00000000e11fcb70,0x00000000e1200000)
  to   space 2560K, 0% used [0x00000000e1200000,0x00000000e1200000,0x00000000e1480000)
 ParOldGen       total 42496K, used 1616K [0x00000000a0000000, 0x00000000a2980000, 0x00000000e0000000)
  object space 42496K, 3% used [0x00000000a0000000,0x00000000a0194190,0x00000000a2980000)
 Metaspace       used 8757K, capacity 8934K, committed 9216K, reserved 1056768K
  class space    used 1115K, capacity 1185K, committed 1280K, reserved 1048576K
}
Event: 5.970 GC heap before
{Heap before GC invocations=4 (full 0):
 PSYoungGen      total 18432K, used 18418K [0x00000000e0000000, 0x00000000e1480000, 0x0000000100000000)
  eden space 15872K, 100% used [0x00000000e0000000,0x00000000e0f80000,0x00000000e0f80000)
  from space 2560K, 99% used [0x00000000e0f80000,0x00000000e11fcb70,0x00000000e1200000)
  to   space 2560K, 0% used [0x00000000e1200000,0x00000000e1200000,0x00000000e1480000)
 ParOldGen       total 42496K, used 1616K [0x00000000a0000000, 0x00000000a2980000, 0x00000000e0000000)
  object space 42496K, 3% used [0x00000000a0000000,0x00000000a0194190,0x00000000a2980000)
 Metaspace       used 13017K, capacity 13322K, committed 13440K, reserved 1060864K
  class space    used 1724K, capacity 1834K, committed 1920K, reserved 1048576K
Event: 5.982 GC heap after
Heap after GC invocations=4 (full 0):
 PSYoungGen      total 18432K, used 2544K [0x00000000e0000000, 0x00000000e1480000, 0x0000000100000000)
  eden space 15872K, 0% used [0x00000000e0000000,0x00000000e0000000,0x00000000e0f80000)
  from space 2560K, 99% used [0x00000000e1200000,0x00000000e147c010,0x00000000e1480000)
  to   space 2560K, 0% used [0x00000000e0f80000,0x00000000e0f80000,0x00000000e1200000)
 ParOldGen       total 42496K, used 3772K [0x00000000a0000000, 0x00000000a2980000, 0x00000000e0000000)
  object space 42496K, 8% used [0x00000000a0000000,0x00000000a03af118,0x00000000a2980000)
 Metaspace       used 13017K, capacity 13322K, committed 13440K, reserved 1060864K
  class space    used 1724K, capacity 1834K, committed 1920K, reserved 1048576K
}
Event: 6.546 GC heap before
{Heap before GC invocations=5 (full 0):
 PSYoungGen      total 18432K, used 18416K [0x00000000e0000000, 0x00000000e1480000, 0x0000000100000000)
  eden space 15872K, 100% used [0x00000000e0000000,0x00000000e0f80000,0x00000000e0f80000)
  from space 2560K, 99% used [0x00000000e1200000,0x00000000e147c010,0x00000000e1480000)
  to   space 2560K, 0% used [0x00000000e0f80000,0x00000000e0f80000,0x00000000e1200000)
 ParOldGen       total 42496K, used 3772K [0x00000000a0000000, 0x00000000a2980000, 0x00000000e0000000)
  object space 42496K, 8% used [0x00000000a0000000,0x00000000a03af118,0x00000000a2980000)
 Metaspace       used 14401K, capacity 14698K, committed 14976K, reserved 1062912K
  class space    used 1954K, capacity 2058K, committed 2176K, reserved 1048576K
Event: 6.556 GC heap after
Heap after GC invocations=5 (full 0):
 PSYoungGen      total 18432K, used 2534K [0x00000000e0000000, 0x00000000e1a80000, 0x0000000100000000)
  eden space 15872K, 0% used [0x00000000e0000000,0x00000000e0000000,0x00000000e0f80000)
  from space 2560K, 99% used [0x00000000e0f80000,0x00000000e11f9a68,0x00000000e1200000)
  to   space 5632K, 0% used [0x00000000e1500000,0x00000000e1500000,0x00000000e1a80000)
 ParOldGen       total 42496K, used 5859K [0x00000000a0000000, 0x00000000a2980000, 0x00000000e0000000)
  object space 42496K, 13% used [0x00000000a0000000,0x00000000a05b8c90,0x00000000a2980000)
 Metaspace       used 14401K, capacity 14698K, committed 14976K, reserved 1062912K
  class space    used 1954K, capacity 2058K, committed 2176K, reserved 1048576K
}
Event: 7.403 GC heap before
{Heap before GC invocations=6 (full 0):
 PSYoungGen      total 18432K, used 18406K [0x00000000e0000000, 0x00000000e1a80000, 0x0000000100000000)
  eden space 15872K, 100% used [0x00000000e0000000,0x00000000e0f80000,0x00000000e0f80000)
  from space 2560K, 99% used [0x00000000e0f80000,0x00000000e11f9a68,0x00000000e1200000)
  to   space 5632K, 0% used [0x00000000e1500000,0x00000000e1500000,0x00000000e1a80000)
 ParOldGen       total 42496K, used 5859K [0x00000000a0000000, 0x00000000a2980000, 0x00000000e0000000)
  object space 42496K, 13% used [0x00000000a0000000,0x00000000a05b8c90,0x00000000a2980000)
 Metaspace       used 16347K, capacity 16610K, committed 16768K, reserved 1062912K
  class space    used 2272K, capacity 2350K, committed 2432K, reserved 1048576K
Event: 7.416 GC heap after
Heap after GC invocations=6 (full 0):
 PSYoungGen      total 20992K, used 4637K [0x00000000e0000000, 0x00000000e2b00000, 0x0000000100000000)
  eden space 15360K, 0% used [0x00000000e0000000,0x00000000e0000000,0x00000000e0f00000)
  from space 5632K, 82% used [0x00000000e1500000,0x00000000e1987408,0x00000000e1a80000)
  to   space 6144K, 0% used [0x00000000e0f00000,0x00000000e0f00000,0x00000000e1500000)
 ParOldGen       total 42496K, used 5867K [0x00000000a0000000, 0x00000000a2980000, 0x00000000e0000000)
  object space 42496K, 13% used [0x00000000a0000000,0x00000000a05bac90,0x00000000a2980000)
 Metaspace       used 16347K, capacity 16610K, committed 16768K, reserved 1062912K
  class space    used 2272K, capacity 2350K, committed 2432K, reserved 1048576K
}

Deoptimization events (10 events):
Event: 6.407 Thread 0x000000001a800800 Uncommon trap: reason=class_check action=maybe_recompile pc=0x0000000004e3661c method=java.util.regex.Matcher.match(II)Z @ 86
Event: 6.411 Thread 0x000000001a800800 Uncommon trap: reason=class_check action=maybe_recompile pc=0x0000000004e3661c method=java.util.regex.Matcher.match(II)Z @ 86
Event: 7.056 Thread 0x000000001a800800 Uncommon trap: reason=unstable_if action=reinterpret pc=0x0000000004d23248 method=java.net.URI.match(CJJ)Z @ 19
Event: 7.057 Thread 0x000000001a800800 Uncommon trap: reason=unstable_if action=reinterpret pc=0x0000000004e5be80 method=java.net.URI.match(CJJ)Z @ 19
Event: 7.424 Thread 0x000000001a800800 Uncommon trap: reason=unstable_if action=reinterpret pc=0x0000000004e9a340 method=java.lang.AbstractStringBuilder.append(Ljava/lang/String;)Ljava/lang/AbstractStringBuilder; @ 1
Event: 7.424 Thread 0x000000001a800800 Uncommon trap: reason=unstable_if action=reinterpret pc=0x0000000004de46b8 method=java.lang.AbstractStringBuilder.append(Ljava/lang/String;)Ljava/lang/AbstractStringBuilder; @ 1
Event: 8.090 Thread 0x000000001a800800 Uncommon trap: reason=class_check action=maybe_recompile pc=0x0000000004da7420 method=java.lang.String.equals(Ljava/lang/Object;)Z @ 8
Event: 8.090 Thread 0x000000001a800800 Uncommon trap: reason=class_check action=maybe_recompile pc=0x0000000004da7420 method=java.lang.String.equals(Ljava/lang/Object;)Z @ 8
Event: 8.099 Thread 0x000000001a800800 Uncommon trap: reason=class_check action=maybe_recompile pc=0x0000000004da7420 method=java.lang.String.equals(Ljava/lang/Object;)Z @ 8
Event: 8.099 Thread 0x000000001a800800 Uncommon trap: reason=class_check action=maybe_recompile pc=0x0000000004da7420 method=java.lang.String.equals(Ljava/lang/Object;)Z @ 8

Classes redefined (0 events):
No events

Internal exceptions (10 events):
Event: 5.819 Thread 0x000000001a800800 Exception <a 'java/lang/NoSuchMethodError': <clinit>> (0x00000000e0c00b98) thrown at [D:\src\AOSP-openjdk-cygwin\jdk8u\hotspot\src\share\vm\prims\jni.cpp, line 1613]
Event: 5.916 Thread 0x000000001a800800 Exception <a 'java/lang/ArrayIndexOutOfBoundsException'> (0x00000000e0e1dc50) thrown at [D:\src\AOSP-openjdk-cygwin\jdk8u\hotspot\src\share\vm\runtime\sharedRuntime.cpp, line 605]
Event: 5.959 Thread 0x000000001a800800 Exception <a 'java/lang/ArrayIndexOutOfBoundsException'> (0x00000000e0ef07e0) thrown at [D:\src\AOSP-openjdk-cygwin\jdk8u\hotspot\src\share\vm\runtime\sharedRuntime.cpp, line 605]
Event: 5.959 Thread 0x000000001a800800 Exception <a 'java/lang/ArrayIndexOutOfBoundsException'> (0x00000000e0ef1bc0) thrown at [D:\src\AOSP-openjdk-cygwin\jdk8u\hotspot\src\share\vm\runtime\sharedRuntime.cpp, line 605]
Event: 7.217 Thread 0x000000001a800800 Exception <a 'java/lang/NoSuchMethodError': <clinit>> (0x00000000e0c93720) thrown at [D:\src\AOSP-openjdk-cygwin\jdk8u\hotspot\src\share\vm\prims\jni.cpp, line 1613]
Event: 7.218 Thread 0x000000001a800800 Exception <a 'java/lang/NoSuchMethodError': <clinit>> (0x00000000e0c95ef0) thrown at [D:\src\AOSP-openjdk-cygwin\jdk8u\hotspot\src\share\vm\prims\jni.cpp, line 1613]
Event: 7.225 Thread 0x000000001a800800 Exception <a 'java/lang/NoSuchMethodError': <clinit>> (0x00000000e0ca2238) thrown at [D:\src\AOSP-openjdk-cygwin\jdk8u\hotspot\src\share\vm\prims\jni.cpp, line 1613]
Event: 7.230 Thread 0x000000001a800800 Exception <a 'java/lang/NoSuchMethodError': <clinit>> (0x00000000e0cac878) thrown at [D:\src\AOSP-openjdk-cygwin\jdk8u\hotspot\src\share\vm\prims\jni.cpp, line 1613]
Event: 7.424 Thread 0x000000001a800800 Implicit null exception at 0x0000000004e99f96 to 0x0000000004e9a329
Event: 7.424 Thread 0x000000001a800800 Implicit null exception at 0x0000000004de4316 to 0x0000000004de46a1

Events (10 events):
Event: 8.090 Thread 0x000000001a800800 DEOPT UNPACKING pc=0x0000000004c1556a sp=0x000000001da9cae0 mode 2
Event: 8.090 Thread 0x000000001a800800 Uncommon trap: trap_request=0xffffffde fr.pc=0x0000000004da7420
Event: 8.090 Thread 0x000000001a800800 DEOPT PACKING pc=0x0000000004da7420 sp=0x000000001da9cb50
Event: 8.090 Thread 0x000000001a800800 DEOPT UNPACKING pc=0x0000000004c1556a sp=0x000000001da9cae0 mode 2
Event: 8.098 Thread 0x000000001a800800 Uncommon trap: trap_request=0xffffffde fr.pc=0x0000000004da7420
Event: 8.099 Thread 0x000000001a800800 DEOPT PACKING pc=0x0000000004da7420 sp=0x000000001da9cb50
Event: 8.099 Thread 0x000000001a800800 DEOPT UNPACKING pc=0x0000000004c1556a sp=0x000000001da9cae0 mode 2
Event: 8.099 Thread 0x000000001a800800 Uncommon trap: trap_request=0xffffffde fr.pc=0x0000000004da7420
Event: 8.099 Thread 0x000000001a800800 DEOPT PACKING pc=0x0000000004da7420 sp=0x000000001da9cb50
Event: 8.099 Thread 0x000000001a800800 DEOPT UNPACKING pc=0x0000000004c1556a sp=0x000000001da9cae0 mode 2


Dynamic libraries:
0x00007ff7bd510000 - 0x00007ff7bd541000 	C:\Program Files\Android\Android Studio2\jre\bin\java.exe
0x00007ffb71980000 - 0x00007ffb71b60000 	C:\WINDOWS\SYSTEM32\ntdll.dll
0x00007ffb70b40000 - 0x00007ffb70bee000 	C:\WINDOWS\System32\KERNEL32.DLL
0x00007ffb6dd80000 - 0x00007ffb6dfe6000 	C:\WINDOWS\System32\KERNELBASE.dll
0x00007ffb713f0000 - 0x00007ffb71491000 	C:\WINDOWS\System32\ADVAPI32.dll
0x00007ffb70aa0000 - 0x00007ffb70b3d000 	C:\WINDOWS\System32\msvcrt.dll
0x00007ffb718f0000 - 0x00007ffb7194b000 	C:\WINDOWS\System32\sechost.dll
0x00007ffb6f0f0000 - 0x00007ffb6f20f000 	C:\WINDOWS\System32\RPCRT4.dll
0x00007ffb6ef60000 - 0x00007ffb6f0ef000 	C:\WINDOWS\System32\USER32.dll
0x00007ffb6ee30000 - 0x00007ffb6ee50000 	C:\WINDOWS\System32\win32u.dll
0x00007ffb70c10000 - 0x00007ffb70c38000 	C:\WINDOWS\System32\GDI32.dll
0x00007ffb6ec30000 - 0x00007ffb6edc4000 	C:\WINDOWS\System32\gdi32full.dll
0x00007ffb6dff0000 - 0x00007ffb6e08b000 	C:\WINDOWS\System32\msvcp_win.dll
0x00007ffb6e090000 - 0x00007ffb6e186000 	C:\WINDOWS\System32\ucrtbase.dll
0x00007ffb5efc0000 - 0x00007ffb5f229000 	C:\WINDOWS\WinSxS\amd64_microsoft.windows.common-controls_6595b64144ccf1df_6.0.16299.64_none_cc9304e22215ca8f\COMCTL32.dll
0x00007ffb70c40000 - 0x00007ffb70f48000 	C:\WINDOWS\System32\combase.dll
0x00007ffb6e190000 - 0x00007ffb6e202000 	C:\WINDOWS\System32\bcryptPrimitives.dll
0x00007ffb70a70000 - 0x00007ffb70a9d000 	C:\WINDOWS\System32\IMM32.DLL
0x00000000724e0000 - 0x00000000725b2000 	C:\Program Files\Android\Android Studio2\jre\jre\bin\msvcr100.dll
0x00000000726a0000 - 0x0000000072ede000 	C:\Program Files\Android\Android Studio2\jre\jre\bin\server\jvm.dll
0x00007ffb70bf0000 - 0x00007ffb70bf8000 	C:\WINDOWS\System32\PSAPI.DLL
0x00007ffb5f2f0000 - 0x00007ffb5f2f9000 	C:\WINDOWS\SYSTEM32\WSOCK32.dll
0x00007ffb6bbd0000 - 0x00007ffb6bbf3000 	C:\WINDOWS\SYSTEM32\WINMM.dll
0x00007ffb70f50000 - 0x00007ffb70fbc000 	C:\WINDOWS\System32\WS2_32.dll
0x00007ffb5f430000 - 0x00007ffb5f43a000 	C:\WINDOWS\SYSTEM32\VERSION.dll
0x00007ffb6bb70000 - 0x00007ffb6bb9a000 	C:\WINDOWS\SYSTEM32\WINMMBASE.dll
0x00007ffb6e210000 - 0x00007ffb6e25a000 	C:\WINDOWS\System32\cfgmgr32.dll
0x00007ffb68e10000 - 0x00007ffb68e1f000 	C:\Program Files\Android\Android Studio2\jre\jre\bin\verify.dll
0x00007ffb68de0000 - 0x00007ffb68e09000 	C:\Program Files\Android\Android Studio2\jre\jre\bin\java.dll
0x00007ffb68dc0000 - 0x00007ffb68dd6000 	C:\Program Files\Android\Android Studio2\jre\jre\bin\zip.dll
0x00007ffb6f210000 - 0x00007ffb70647000 	C:\WINDOWS\System32\SHELL32.dll
0x00007ffb70920000 - 0x00007ffb709c6000 	C:\WINDOWS\System32\shcore.dll
0x00007ffb6e430000 - 0x00007ffb6eb77000 	C:\WINDOWS\System32\windows.storage.dll
0x00007ffb711f0000 - 0x00007ffb71241000 	C:\WINDOWS\System32\shlwapi.dll
0x00007ffb6dd20000 - 0x00007ffb6dd31000 	C:\WINDOWS\System32\kernel.appcore.dll
0x00007ffb6dcd0000 - 0x00007ffb6dd1c000 	C:\WINDOWS\System32\powrprof.dll
0x00007ffb6dd60000 - 0x00007ffb6dd7b000 	C:\WINDOWS\System32\profapi.dll
0x00007ffb68da0000 - 0x00007ffb68dba000 	C:\Program Files\Android\Android Studio2\jre\jre\bin\net.dll
0x00007ffb6d500000 - 0x00007ffb6d566000 	C:\WINDOWS\system32\mswsock.dll
0x00007ffb68d80000 - 0x00007ffb68d91000 	C:\Program Files\Android\Android Studio2\jre\jre\bin\nio.dll
0x00007ffb59df0000 - 0x00007ffb59e0e000 	C:\Users\chicktech\.gradle\native\23\windows-amd64\native-platform.dll
0x00007ffb6d6c0000 - 0x00007ffb6d6d7000 	C:\WINDOWS\SYSTEM32\CRYPTSP.dll
0x00007ffb6d110000 - 0x00007ffb6d143000 	C:\WINDOWS\system32\rsaenh.dll
0x00007ffb6d7d0000 - 0x00007ffb6d7f5000 	C:\WINDOWS\SYSTEM32\bcrypt.dll
0x00007ffb6dc00000 - 0x00007ffb6dc29000 	C:\WINDOWS\SYSTEM32\USERENV.dll
0x00007ffb6d6e0000 - 0x00007ffb6d6eb000 	C:\WINDOWS\SYSTEM32\CRYPTBASE.dll
0x00007ffb6d290000 - 0x00007ffb6d2c9000 	C:\WINDOWS\SYSTEM32\IPHLPAPI.DLL
0x00007ffb70c00000 - 0x00007ffb70c08000 	C:\WINDOWS\System32\NSI.dll
0x00007ffb63e60000 - 0x00007ffb63e76000 	C:\WINDOWS\SYSTEM32\dhcpcsvc6.DLL
0x00007ffb63e40000 - 0x00007ffb63e5a000 	C:\WINDOWS\SYSTEM32\dhcpcsvc.DLL
0x00007ffb68d50000 - 0x00007ffb68d5d000 	C:\Program Files\Android\Android Studio2\jre\jre\bin\management.dll

VM Arguments:
jvm_args: -Xmx1536m -Dfile.encoding=windows-1252 -Duser.country=US -Duser.language=en -Duser.variant 
java_command: org.gradle.launcher.daemon.bootstrap.GradleDaemon 3.3
java_class_path (initial): C:\Users\chicktech\.gradle\wrapper\dists\gradle-3.3-all\55gk2rcmfc6p2dg9u9ohc3hw9\gradle-3.3\lib\gradle-launcher-3.3.jar
Launcher Type: SUN_STANDARD

Environment Variables:
PATH=C:\Program Files (x86)\Intel\TXE Components\iCLS\;C:\Program Files\Intel\TXE Components\iCLS\;C:\WINDOWS\system32;C:\WINDOWS;C:\WINDOWS\System32\Wbem;C:\WINDOWS\System32\WindowsPowerShell\v1.0\;C:\Program Files\Intel\TXE Components\DAL\;C:\Program Files (x86)\Intel\TXE Components\DAL\;C:\Program Files\Intel\TXE Components\IPT\;C:\Program Files (x86)\Intel\TXE Components\IPT\;C:\Program Files\Git\cmd;C:\Users\chicktech\AppData\Local\Microsoft\WindowsApps;
USERNAME=chicktech
OS=Windows_NT
PROCESSOR_IDENTIFIER=Intel64 Family 6 Model 92 Stepping 9, GenuineIntel



---------------  S Y S T E M  ---------------

OS: Windows 10.0 , 64 bit Build 16299 (10.0.16299.15)

CPU:total 4 (initial active 4) (4 cores per cpu, 1 threads per core) family 6 model 92 stepping 9, cmov, cx8, fxsr, mmx, sse, sse2, sse3, ssse3, sse4.1, sse4.2, popcnt, aes, clmul, erms, 3dnowpref, tsc, tscinvbit

Memory: 4k page, physical 4030688k(231324k free), swap 5310688k(5848k free)

vm_info: OpenJDK 64-Bit Server VM (25.152-b01) for windows-amd64 JRE (1.8.0_152-release-915-b01), built by "builder" with MS VC++ 10.0 (VS2010)

time: Fri Dec 08 11:12:49 2017
elapsed time: 8 seconds (0d 0h 0m 8s)

