#
# There is insufficient memory for the Java Runtime Environment to continue.
# Native memory allocation (malloc) failed to allocate 32744 bytes for ChunkPool::allocate
# Possible reasons:
#   The system is out of physical RAM or swap space
#   In 32 bit mode, the process size limit was hit
# Possible solutions:
#   Reduce memory load on the system
#   Increase physical memory or swap space
#   Check if swap backing store is full
#   Use 64 bit Java on a 64 bit OS
#   Decrease Java heap size (-Xmx/-Xms)
#   Decrease number of Java threads
#   Decrease Java thread stack sizes (-Xss)
#   Set larger code cache with -XX:ReservedCodeCacheSize=
# This output file may be truncated or incomplete.
#
#  Out of Memory Error (allocation.cpp:273), pid=8188, tid=0x00000000000022c0
#
# JRE version: OpenJDK Runtime Environment (8.0_152-b01) (build 1.8.0_152-release-915-b01)
# Java VM: OpenJDK 64-Bit Server VM (25.152-b01 mixed mode windows-amd64 compressed oops)
# Failed to write core dump. Minidumps are not enabled by default on client versions of Windows
#

---------------  T H R E A D  ---------------

Current thread (0x0000000018c6e800):  JavaThread "C2 CompilerThread1" daemon [_thread_in_native, id=8896, stack(0x000000001a3b0000,0x000000001a4b0000)]

Stack: [0x000000001a3b0000,0x000000001a4b0000]
[error occurred during error reporting (printing stack bounds), id 0xc0000005]

Native frames: (J=compiled Java code, j=interpreted, Vv=VM code, C=native code)


Current CompileTask:
C2:  97758 8154       4       org.gradle.internal.logging.text.AbstractLineChoppingStyledTextOutput::doAppend (201 bytes)


---------------  P R O C E S S  ---------------

Java Threads: ( => current thread )
  0x00000000211a1000 JavaThread "Cache update executor" [_thread_blocked, id=6920, stack(0x0000000025070000,0x0000000025170000)]
  0x00000000211a2000 JavaThread "Stdin handler" [_thread_blocked, id=7444, stack(0x0000000024f70000,0x0000000025070000)]
  0x00000000211a7000 JavaThread "Asynchronous log dispatcher for DefaultDaemonConnection: socket connection from /127.0.0.1:49734 to /127.0.0.1:49805" [_thread_blocked, id=5940, stack(0x0000000024ba0000,0x0000000024ca0000)]
  0x00000000211a6800 JavaThread "Cancel handler" [_thread_blocked, id=7812, stack(0x00000000235a0000,0x00000000236a0000)]
  0x00000000211a5800 JavaThread "Handler for socket connection from /127.0.0.1:49734 to /127.0.0.1:49805" [_thread_in_native, id=6944, stack(0x0000000022de0000,0x0000000022ee0000)]
  0x000000001a7ab800 JavaThread "File lock request listener" [_thread_in_native, id=9188, stack(0x000000001e5d0000,0x000000001e6d0000)]
  0x000000001befd000 JavaThread "Daemon worker" [_thread_in_vm, id=8488, stack(0x000000001e0d0000,0x000000001e1d0000)]
  0x000000001bf3f000 JavaThread "pool-1-thread-1" [_thread_blocked, id=9120, stack(0x000000001ded0000,0x000000001dfd0000)]
  0x000000001bf2b000 JavaThread "Daemon" [_thread_blocked, id=9180, stack(0x000000001dcd0000,0x000000001ddd0000)]
  0x000000001b776800 JavaThread "Incoming local TCP Connector on port 49734" [_thread_in_native, id=5180, stack(0x000000001d890000,0x000000001d990000)]
  0x0000000018cc9000 JavaThread "Service Thread" daemon [_thread_blocked, id=8876, stack(0x000000001a9b0000,0x000000001aab0000)]
  0x0000000018cb0000 JavaThread "C1 CompilerThread2" daemon [_thread_blocked, id=8884, stack(0x000000001a4b0000,0x000000001a5b0000)]
=>0x0000000018c6e800 JavaThread "C2 CompilerThread1" daemon [_thread_in_native, id=8896, stack(0x000000001a3b0000,0x000000001a4b0000)]
  0x0000000018c6b800 JavaThread "C2 CompilerThread0" daemon [_thread_in_native, id=8900, stack(0x000000001a2b0000,0x000000001a3b0000)]
  0x0000000018c69800 JavaThread "Attach Listener" daemon [_thread_blocked, id=8904, stack(0x000000001a1b0000,0x000000001a2b0000)]
  0x0000000018c68800 JavaThread "Signal Dispatcher" daemon [_thread_blocked, id=8860, stack(0x000000001a0b0000,0x000000001a1b0000)]
  0x0000000018c58800 JavaThread "Finalizer" daemon [_thread_blocked, id=8812, stack(0x0000000019ec0000,0x0000000019fc0000)]
  0x00000000052f1000 JavaThread "Reference Handler" daemon [_thread_blocked, id=8532, stack(0x0000000019dc0000,0x0000000019ec0000)]
  0x00000000038dd800 JavaThread "main" [_thread_blocked, id=8796, stack(0x0000000005100000,0x0000000005200000)]

Other Threads:
  0x0000000018c35800 VMThread [stack: 0x0000000019cc0000,0x0000000019dc0000] [id=8832]
  0x0000000018ccb000 WatcherThread [stack: 0x000000001aab0000,0x000000001abb0000] [id=8892]

VM state:not at safepoint (normal execution)

VM Mutex/Monitor currently owned by a thread: None

Heap:
 PSYoungGen      total 101376K, used 36060K [0x00000000e0000000, 0x00000000e6f80000, 0x0000000100000000)
  eden space 90624K, 39% used [0x00000000e0000000,0x00000000e2337248,0x00000000e5880000)
  from space 10752K, 0% used [0x00000000e6500000,0x00000000e6500000,0x00000000e6f80000)
  to   space 11776K, 0% used [0x00000000e5880000,0x00000000e5880000,0x00000000e6400000)
 ParOldGen       total 48640K, used 43317K [0x00000000a0000000, 0x00000000a2f80000, 0x00000000e0000000)
  object space 48640K, 89% used [0x00000000a0000000,0x00000000a2a4d4d0,0x00000000a2f80000)
 Metaspace       used 57721K, capacity 60232K, committed 60288K, reserved 1101824K
  class space    used 7773K, capacity 8319K, committed 8320K, reserved 1048576K

Card table byte_map: [0x00000000146c0000,0x00000000149d0000] byte_map_base: 0x00000000141c0000

Marking Bits: (ParMarkBitMap*) 0x0000000072e63950
 Begin Bits: [0x0000000014fd0000, 0x00000000167d0000)
 End Bits:   [0x00000000167d0000, 0x0000000017fd0000)

Polling page: 0x0000000003830000

CodeCache: size=245760Kb used=24896Kb max_used=24901Kb free=220863Kb
 bounds [0x0000000005300000, 0x0000000006b70000, 0x0000000014300000]
 total_blobs=7880 nmethods=7113 adapters=679
 compilation: enabled

Compilation events (10 events):
Event: 97.573 Thread 0x0000000018cb0000 nmethod 8151 0x0000000006873090 code [0x00000000068731e0, 0x00000000068732f0]
Event: 97.585 Thread 0x0000000018c6b800 nmethod 8149% 0x0000000006b6c4d0 code [0x0000000006b6c640, 0x0000000006b6cb68]
Event: 97.596 Thread 0x0000000018cb0000 8152       3       java.lang.Boolean::parseBoolean (19 bytes)
Event: 97.597 Thread 0x0000000018cb0000 nmethod 8152 0x0000000006b63690 code [0x0000000006b63800, 0x0000000006b63a88]
Event: 97.632 Thread 0x0000000018cb0000 8153       3       org.codehaus.groovy.runtime.StackTraceUtils::isApplicationClass (84 bytes)
Event: 97.633 Thread 0x0000000018cb0000 nmethod 8153 0x0000000006b6a990 code [0x0000000006b6ab80, 0x0000000006b6b4b8]
Event: 97.650 Thread 0x0000000018c6e800 8154       4       org.gradle.internal.logging.text.AbstractLineChoppingStyledTextOutput::doAppend (201 bytes)
Event: 97.655 Thread 0x0000000018c6b800 8155       4       java.io.ObjectOutputStream$BlockDataOutputStream::writeBytes (144 bytes)
Event: 97.685 Thread 0x0000000018cb0000 8156       3       org.gradle.internal.concurrent.CompositeStoppable::add (42 bytes)
Event: 97.685 Thread 0x0000000018cb0000 nmethod 8156 0x0000000006b6a090 code [0x0000000006b6a240, 0x0000000006b6a788]

GC Heap History (10 events):
Event: 53.685 GC heap before
{Heap before GC invocations=23 (full 2):
 PSYoungGen      total 72192K, used 69650K [0x00000000e0000000, 0x00000000e4f80000, 0x0000000100000000)
  eden space 64000K, 100% used [0x00000000e0000000,0x00000000e3e80000,0x00000000e3e80000)
  from space 8192K, 68% used [0x00000000e4780000,0x00000000e4d04a88,0x00000000e4f80000)
  to   space 8704K, 0% used [0x00000000e3e80000,0x00000000e3e80000,0x00000000e4700000)
 ParOldGen       total 48640K, used 22434K [0x00000000a0000000, 0x00000000a2f80000, 0x00000000e0000000)
  object space 48640K, 46% used [0x00000000a0000000,0x00000000a15e8858,0x00000000a2f80000)
 Metaspace       used 50023K, capacity 51614K, committed 51840K, reserved 1093632K
  class space    used 6791K, capacity 7189K, committed 7296K, reserved 1048576K
Event: 53.766 GC heap after
Heap after GC invocations=23 (full 2):
 PSYoungGen      total 72704K, used 6712K [0x00000000e0000000, 0x00000000e5e00000, 0x0000000100000000)
  eden space 64000K, 0% used [0x00000000e0000000,0x00000000e0000000,0x00000000e3e80000)
  from space 8704K, 77% used [0x00000000e3e80000,0x00000000e450e350,0x00000000e4700000)
  to   space 8704K, 0% used [0x00000000e5580000,0x00000000e5580000,0x00000000e5e00000)
 ParOldGen       total 48640K, used 25748K [0x00000000a0000000, 0x00000000a2f80000, 0x00000000e0000000)
  object space 48640K, 52% used [0x00000000a0000000,0x00000000a19251f8,0x00000000a2f80000)
 Metaspace       used 50023K, capacity 51614K, committed 51840K, reserved 1093632K
  class space    used 6791K, capacity 7189K, committed 7296K, reserved 1048576K
}
Event: 58.503 GC heap before
{Heap before GC invocations=24 (full 2):
 PSYoungGen      total 72704K, used 70712K [0x00000000e0000000, 0x00000000e5e00000, 0x0000000100000000)
  eden space 64000K, 100% used [0x00000000e0000000,0x00000000e3e80000,0x00000000e3e80000)
  from space 8704K, 77% used [0x00000000e3e80000,0x00000000e450e350,0x00000000e4700000)
  to   space 8704K, 0% used [0x00000000e5580000,0x00000000e5580000,0x00000000e5e00000)
 ParOldGen       total 48640K, used 25748K [0x00000000a0000000, 0x00000000a2f80000, 0x00000000e0000000)
  object space 48640K, 52% used [0x00000000a0000000,0x00000000a19251f8,0x00000000a2f80000)
 Metaspace       used 51402K, capacity 53360K, committed 53632K, reserved 1095680K
  class space    used 7026K, capacity 7464K, committed 7552K, reserved 1048576K
Event: 58.583 GC heap after
Heap after GC invocations=24 (full 2):
 PSYoungGen      total 84480K, used 8700K [0x00000000e0000000, 0x00000000e6400000, 0x0000000100000000)
  eden space 75776K, 0% used [0x00000000e0000000,0x00000000e0000000,0x00000000e4a00000)
  from space 8704K, 99% used [0x00000000e5580000,0x00000000e5dff1d0,0x00000000e5e00000)
  to   space 11776K, 0% used [0x00000000e4a00000,0x00000000e4a00000,0x00000000e5580000)
 ParOldGen       total 48640K, used 30619K [0x00000000a0000000, 0x00000000a2f80000, 0x00000000e0000000)
  object space 48640K, 62% used [0x00000000a0000000,0x00000000a1de6d80,0x00000000a2f80000)
 Metaspace       used 51402K, capacity 53360K, committed 53632K, reserved 1095680K
  class space    used 7026K, capacity 7464K, committed 7552K, reserved 1048576K
}
Event: 83.960 GC heap before
{Heap before GC invocations=25 (full 2):
 PSYoungGen      total 84480K, used 84476K [0x00000000e0000000, 0x00000000e6400000, 0x0000000100000000)
  eden space 75776K, 100% used [0x00000000e0000000,0x00000000e4a00000,0x00000000e4a00000)
  from space 8704K, 99% used [0x00000000e5580000,0x00000000e5dff1d0,0x00000000e5e00000)
  to   space 11776K, 0% used [0x00000000e4a00000,0x00000000e4a00000,0x00000000e5580000)
 ParOldGen       total 48640K, used 30619K [0x00000000a0000000, 0x00000000a2f80000, 0x00000000e0000000)
  object space 48640K, 62% used [0x00000000a0000000,0x00000000a1de6d80,0x00000000a2f80000)
 Metaspace       used 54641K, capacity 57030K, committed 57088K, reserved 1097728K
  class space    used 7372K, capacity 7886K, committed 7936K, reserved 1048576K
Event: 84.009 GC heap after
Heap after GC invocations=25 (full 2):
 PSYoungGen      total 87552K, used 7896K [0x00000000e0000000, 0x00000000e7080000, 0x0000000100000000)
  eden space 75776K, 0% used [0x00000000e0000000,0x00000000e0000000,0x00000000e4a00000)
  from space 11776K, 67% used [0x00000000e4a00000,0x00000000e51b6100,0x00000000e5580000)
  to   space 11776K, 0% used [0x00000000e6500000,0x00000000e6500000,0x00000000e7080000)
 ParOldGen       total 48640K, used 38978K [0x00000000a0000000, 0x00000000a2f80000, 0x00000000e0000000)
  object space 48640K, 80% used [0x00000000a0000000,0x00000000a2610a28,0x00000000a2f80000)
 Metaspace       used 54641K, capacity 57030K, committed 57088K, reserved 1097728K
  class space    used 7372K, capacity 7886K, committed 7936K, reserved 1048576K
}
Event: 90.485 GC heap before
{Heap before GC invocations=26 (full 2):
 PSYoungGen      total 87552K, used 52103K [0x00000000e0000000, 0x00000000e7080000, 0x0000000100000000)
  eden space 75776K, 58% used [0x00000000e0000000,0x00000000e2b2bc48,0x00000000e4a00000)
  from space 11776K, 67% used [0x00000000e4a00000,0x00000000e51b6100,0x00000000e5580000)
  to   space 11776K, 0% used [0x00000000e6500000,0x00000000e6500000,0x00000000e7080000)
 ParOldGen       total 48640K, used 38978K [0x00000000a0000000, 0x00000000a2f80000, 0x00000000e0000000)
  object space 48640K, 80% used [0x00000000a0000000,0x00000000a2610a28,0x00000000a2f80000)
 Metaspace       used 56540K, capacity 59006K, committed 59028K, reserved 1099776K
  class space    used 7622K, capacity 8176K, committed 8192K, reserved 1048576K
Event: 90.516 GC heap after
Heap after GC invocations=26 (full 2):
 PSYoungGen      total 101376K, used 4561K [0x00000000e0000000, 0x00000000e6f80000, 0x0000000100000000)
  eden space 90624K, 0% used [0x00000000e0000000,0x00000000e0000000,0x00000000e5880000)
  from space 10752K, 42% used [0x00000000e6500000,0x00000000e69745a8,0x00000000e6f80000)
  to   space 11776K, 0% used [0x00000000e5880000,0x00000000e5880000,0x00000000e6400000)
 ParOldGen       total 48640K, used 44521K [0x00000000a0000000, 0x00000000a2f80000, 0x00000000e0000000)
  object space 48640K, 91% used [0x00000000a0000000,0x00000000a2b7a4a0,0x00000000a2f80000)
 Metaspace       used 56540K, capacity 59006K, committed 59028K, reserved 1099776K
  class space    used 7622K, capacity 8176K, committed 8192K, reserved 1048576K
}
Event: 90.516 GC heap before
{Heap before GC invocations=27 (full 3):
 PSYoungGen      total 101376K, used 4561K [0x00000000e0000000, 0x00000000e6f80000, 0x0000000100000000)
  eden space 90624K, 0% used [0x00000000e0000000,0x00000000e0000000,0x00000000e5880000)
  from space 10752K, 42% used [0x00000000e6500000,0x00000000e69745a8,0x00000000e6f80000)
  to   space 11776K, 0% used [0x00000000e5880000,0x00000000e5880000,0x00000000e6400000)
 ParOldGen       total 48640K, used 44521K [0x00000000a0000000, 0x00000000a2f80000, 0x00000000e0000000)
  object space 48640K, 91% used [0x00000000a0000000,0x00000000a2b7a4a0,0x00000000a2f80000)
 Metaspace       used 56540K, capacity 59006K, committed 59028K, reserved 1099776K
  class space    used 7622K, capacity 8176K, committed 8192K, reserved 1048576K
Event: 91.433 GC heap after
Heap after GC invocations=27 (full 3):
 PSYoungGen      total 101376K, used 0K [0x00000000e0000000, 0x00000000e6f80000, 0x0000000100000000)
  eden space 90624K, 0% used [0x00000000e0000000,0x00000000e0000000,0x00000000e5880000)
  from space 10752K, 0% used [0x00000000e6500000,0x00000000e6500000,0x00000000e6f80000)
  to   space 11776K, 0% used [0x00000000e5880000,0x00000000e5880000,0x00000000e6400000)
 ParOldGen       total 48640K, used 43317K [0x00000000a0000000, 0x00000000a2f80000, 0x00000000e0000000)
  object space 48640K, 89% used [0x00000000a0000000,0x00000000a2a4d4d0,0x00000000a2f80000)
 Metaspace       used 56540K, capacity 59006K, committed 59028K, reserved 1099776K
  class space    used 7622K, capacity 8176K, committed 8192K, reserved 1048576K
}

Deoptimization events (10 events):
Event: 91.546 Thread 0x000000001befd000 Uncommon trap: reason=class_check action=maybe_recompile pc=0x00000000058a0054 method=com.sun.org.apache.xerces.internal.dom.NodeImpl.ownerDocument()Lcom/sun/org/apache/xerces/internal/dom/CoreDocumentImpl; @ 11
Event: 91.562 Thread 0x000000001befd000 Uncommon trap: reason=unstable_if action=reinterpret pc=0x0000000005de1d2c method=com.sun.org.apache.xerces.internal.dom.DeferredDocumentImpl.getPrevSibling(IZ)I @ 2
Event: 91.562 Thread 0x000000001befd000 Uncommon trap: reason=unstable_if action=reinterpret pc=0x000000000699296c method=com.sun.org.apache.xerces.internal.dom.DeferredDocumentImpl.getNodeValueString(IZ)Ljava/lang/String; @ 73
Event: 95.025 Thread 0x000000001befd000 Uncommon trap: reason=unstable_if action=reinterpret pc=0x00000000060c31ac method=java.util.regex.Pattern.append(II)V @ 6
Event: 95.066 Thread 0x000000001befd000 Uncommon trap: reason=unstable_if action=reinterpret pc=0x0000000005426184 method=java.util.regex.Pattern.append(II)V @ 6
Event: 97.489 Thread 0x00000000211ac800 Uncommon trap: reason=unstable_if action=reinterpret pc=0x0000000005c5ff00 method=java.util.concurrent.locks.AbstractQueuedSynchronizer.acquireQueued(Ljava/util/concurrent/locks/AbstractQueuedSynchronizer$Node;I)Z @ 17
Event: 97.497 Thread 0x00000000211a9800 Uncommon trap: reason=bimorphic action=maybe_recompile pc=0x00000000066a0218 method=java.lang.Throwable.<init>(Ljava/lang/String;Ljava/lang/Throwable;)V @ 24
Event: 97.498 Thread 0x000000001befd000 Uncommon trap: reason=bimorphic action=maybe_recompile pc=0x00000000066a0218 method=java.lang.Throwable.<init>(Ljava/lang/String;Ljava/lang/Throwable;)V @ 24
Event: 97.498 Thread 0x000000001befd000 Uncommon trap: reason=bimorphic action=maybe_recompile pc=0x00000000066a0218 method=java.lang.Throwable.<init>(Ljava/lang/String;Ljava/lang/Throwable;)V @ 24
Event: 97.553 Thread 0x000000001befd000 Uncommon trap: reason=unstable_if action=reinterpret pc=0x00000000057ba06c method=java.io.ObjectOutputStream$BlockDataOutputStream.writeBytes(Ljava/lang/String;)V @ 22

Classes redefined (0 events):
No events

Internal exceptions (10 events):
Event: 88.516 Thread 0x000000001befd000 Exception <a 'java/lang/NoSuchMethodError': <clinit>> (0x00000000e232db88) thrown at [D:\src\AOSP-openjdk-cygwin\jdk8u\hotspot\src\share\vm\prims\jni.cpp, line 1613]
Event: 88.545 Thread 0x000000001befd000 Exception <a 'java/lang/NoSuchMethodError': <clinit>> (0x00000000e23a10d8) thrown at [D:\src\AOSP-openjdk-cygwin\jdk8u\hotspot\src\share\vm\prims\jni.cpp, line 1613]
Event: 88.549 Thread 0x000000001befd000 Exception <a 'java/lang/NoSuchMethodError': <clinit>> (0x00000000e23b9e30) thrown at [D:\src\AOSP-openjdk-cygwin\jdk8u\hotspot\src\share\vm\prims\jni.cpp, line 1613]
Event: 88.549 Thread 0x000000001befd000 Exception <a 'java/lang/NoSuchMethodError': <clinit>> (0x00000000e23bbab0) thrown at [D:\src\AOSP-openjdk-cygwin\jdk8u\hotspot\src\share\vm\prims\jni.cpp, line 1613]
Event: 91.542 Thread 0x000000001befd000 Implicit null exception at 0x00000000056ef82d to 0x00000000056f03b5
Event: 95.131 Thread 0x000000001befd000 Exception <a 'java/lang/NoSuchMethodError': java.lang.Object.lambda$negate$1(Ljava/lang/Object;)Z> (0x00000000e1a76938) thrown at [D:\src\AOSP-openjdk-cygwin\jdk8u\hotspot\src\share\vm\interpreter\linkResolver.cpp, line 584]
Event: 97.498 Thread 0x000000001befd000 Exception <a 'java/lang/reflect/InvocationTargetException'> (0x00000000e1b0ba98) thrown at [D:\src\AOSP-openjdk-cygwin\jdk8u\hotspot\src\share\vm\runtime\reflection.cpp, line 1092]
Event: 97.549 Thread 0x000000001befd000 Exception <a 'java/lang/NoSuchMethodError': <clinit>> (0x00000000e1ec6580) thrown at [D:\src\AOSP-openjdk-cygwin\jdk8u\hotspot\src\share\vm\prims\jni.cpp, line 1613]
Event: 97.550 Thread 0x000000001befd000 Exception <a 'java/lang/NoSuchMethodError': <clinit>> (0x00000000e1ed2fd0) thrown at [D:\src\AOSP-openjdk-cygwin\jdk8u\hotspot\src\share\vm\prims\jni.cpp, line 1613]
Event: 97.567 Thread 0x000000001befd000 Exception <a 'java/lang/NoSuchMethodError': <clinit>> (0x00000000e201f0e8) thrown at [D:\src\AOSP-openjdk-cygwin\jdk8u\hotspot\src\share\vm\prims\jni.cpp, line 1613]

Events (10 events):
Event: 97.681 Thread 0x000000001befd000 DEOPT PACKING pc=0x0000000006b66acd sp=0x000000001e1cb5e0
Event: 97.681 Thread 0x000000001befd000 DEOPT UNPACKING pc=0x00000000053471bf sp=0x000000001e1cb320 mode 0
Event: 97.682 Thread 0x000000001befd000 DEOPT PACKING pc=0x0000000006b66acd sp=0x000000001e1cb9c0
Event: 97.682 Thread 0x000000001befd000 DEOPT UNPACKING pc=0x00000000053471bf sp=0x000000001e1cb700 mode 0
Event: 97.683 Thread 0x000000001befd000 DEOPT PACKING pc=0x0000000006b66acd sp=0x000000001e1cbda0
Event: 97.683 Thread 0x000000001befd000 DEOPT UNPACKING pc=0x00000000053471bf sp=0x000000001e1cbae0 mode 0
Event: 97.683 Thread 0x000000001befd000 DEOPT PACKING pc=0x0000000006b66acd sp=0x000000001e1cc180
Event: 97.683 Thread 0x000000001befd000 DEOPT UNPACKING pc=0x00000000053471bf sp=0x000000001e1cbec0 mode 0
Event: 97.683 Thread 0x000000001befd000 DEOPT PACKING pc=0x0000000006b66acd sp=0x000000001e1cc560
Event: 97.683 Thread 0x000000001befd000 DEOPT UNPACKING pc=0x00000000053471bf sp=0x000000001e1cc2a0 mode 0


Dynamic libraries:
0x00007ff75e8f0000 - 0x00007ff75e921000 	C:\Program Files\Android\Android Studio2\jre\bin\java.exe
0x00007ffb71980000 - 0x00007ffb71b60000 	C:\WINDOWS\SYSTEM32\ntdll.dll
0x00007ffb70b40000 - 0x00007ffb70bee000 	C:\WINDOWS\System32\KERNEL32.DLL
0x00007ffb6dd80000 - 0x00007ffb6dfe6000 	C:\WINDOWS\System32\KERNELBASE.dll
0x00007ffb713f0000 - 0x00007ffb71491000 	C:\WINDOWS\System32\ADVAPI32.dll
0x00007ffb70aa0000 - 0x00007ffb70b3d000 	C:\WINDOWS\System32\msvcrt.dll
0x00007ffb718f0000 - 0x00007ffb7194b000 	C:\WINDOWS\System32\sechost.dll
0x00007ffb6f0f0000 - 0x00007ffb6f20f000 	C:\WINDOWS\System32\RPCRT4.dll
0x00007ffb6ef60000 - 0x00007ffb6f0ef000 	C:\WINDOWS\System32\USER32.dll
0x00007ffb6ee30000 - 0x00007ffb6ee50000 	C:\WINDOWS\System32\win32u.dll
0x00007ffb70c10000 - 0x00007ffb70c38000 	C:\WINDOWS\System32\GDI32.dll
0x00007ffb6ec30000 - 0x00007ffb6edc4000 	C:\WINDOWS\System32\gdi32full.dll
0x00007ffb6dff0000 - 0x00007ffb6e08b000 	C:\WINDOWS\System32\msvcp_win.dll
0x00007ffb6e090000 - 0x00007ffb6e186000 	C:\WINDOWS\System32\ucrtbase.dll
0x00007ffb5efc0000 - 0x00007ffb5f229000 	C:\WINDOWS\WinSxS\amd64_microsoft.windows.common-controls_6595b64144ccf1df_6.0.16299.64_none_cc9304e22215ca8f\COMCTL32.dll
0x00007ffb70c40000 - 0x00007ffb70f48000 	C:\WINDOWS\System32\combase.dll
0x00007ffb6e190000 - 0x00007ffb6e202000 	C:\WINDOWS\System32\bcryptPrimitives.dll
0x00007ffb70a70000 - 0x00007ffb70a9d000 	C:\WINDOWS\System32\IMM32.DLL
0x00000000724e0000 - 0x00000000725b2000 	C:\Program Files\Android\Android Studio2\jre\jre\bin\msvcr100.dll
0x00000000726a0000 - 0x0000000072ede000 	C:\Program Files\Android\Android Studio2\jre\jre\bin\server\jvm.dll
0x00007ffb70bf0000 - 0x00007ffb70bf8000 	C:\WINDOWS\System32\PSAPI.DLL
0x00007ffb5f2f0000 - 0x00007ffb5f2f9000 	C:\WINDOWS\SYSTEM32\WSOCK32.dll
0x00007ffb5f430000 - 0x00007ffb5f43a000 	C:\WINDOWS\SYSTEM32\VERSION.dll
0x00007ffb6bbd0000 - 0x00007ffb6bbf3000 	C:\WINDOWS\SYSTEM32\WINMM.dll
0x00007ffb70f50000 - 0x00007ffb70fbc000 	C:\WINDOWS\System32\WS2_32.dll
0x00007ffb6bb70000 - 0x00007ffb6bb9a000 	C:\WINDOWS\SYSTEM32\winmmbase.dll
0x00007ffb6e210000 - 0x00007ffb6e25a000 	C:\WINDOWS\System32\cfgmgr32.dll
0x00007ffb68e10000 - 0x00007ffb68e1f000 	C:\Program Files\Android\Android Studio2\jre\jre\bin\verify.dll
0x00007ffb68de0000 - 0x00007ffb68e09000 	C:\Program Files\Android\Android Studio2\jre\jre\bin\java.dll
0x00007ffb68dc0000 - 0x00007ffb68dd6000 	C:\Program Files\Android\Android Studio2\jre\jre\bin\zip.dll
0x00007ffb6f210000 - 0x00007ffb70647000 	C:\WINDOWS\System32\SHELL32.dll
0x00007ffb70920000 - 0x00007ffb709c6000 	C:\WINDOWS\System32\shcore.dll
0x00007ffb6e430000 - 0x00007ffb6eb77000 	C:\WINDOWS\System32\windows.storage.dll
0x00007ffb711f0000 - 0x00007ffb71241000 	C:\WINDOWS\System32\shlwapi.dll
0x00007ffb6dd20000 - 0x00007ffb6dd31000 	C:\WINDOWS\System32\kernel.appcore.dll
0x00007ffb6dcd0000 - 0x00007ffb6dd1c000 	C:\WINDOWS\System32\powrprof.dll
0x00007ffb6dd60000 - 0x00007ffb6dd7b000 	C:\WINDOWS\System32\profapi.dll
0x00007ffb68da0000 - 0x00007ffb68dba000 	C:\Program Files\Android\Android Studio2\jre\jre\bin\net.dll
0x00007ffb6d500000 - 0x00007ffb6d566000 	C:\WINDOWS\system32\mswsock.dll
0x00007ffb68d80000 - 0x00007ffb68d91000 	C:\Program Files\Android\Android Studio2\jre\jre\bin\nio.dll
0x00007ffb59df0000 - 0x00007ffb59e0e000 	C:\Users\chicktech\.gradle\native\23\windows-amd64\native-platform.dll
0x00007ffb6d6c0000 - 0x00007ffb6d6d7000 	C:\WINDOWS\SYSTEM32\CRYPTSP.dll
0x00007ffb6d110000 - 0x00007ffb6d143000 	C:\WINDOWS\system32\rsaenh.dll
0x00007ffb6d7d0000 - 0x00007ffb6d7f5000 	C:\WINDOWS\SYSTEM32\bcrypt.dll
0x00007ffb6dc00000 - 0x00007ffb6dc29000 	C:\WINDOWS\SYSTEM32\USERENV.dll
0x00007ffb6d6e0000 - 0x00007ffb6d6eb000 	C:\WINDOWS\SYSTEM32\CRYPTBASE.dll
0x00007ffb6d290000 - 0x00007ffb6d2c9000 	C:\WINDOWS\SYSTEM32\IPHLPAPI.DLL
0x00007ffb70c00000 - 0x00007ffb70c08000 	C:\WINDOWS\System32\NSI.dll
0x00007ffb63e60000 - 0x00007ffb63e76000 	C:\WINDOWS\SYSTEM32\dhcpcsvc6.DLL
0x00007ffb63e40000 - 0x00007ffb63e5a000 	C:\WINDOWS\SYSTEM32\dhcpcsvc.DLL
0x00007ffb68d50000 - 0x00007ffb68d5d000 	C:\Program Files\Android\Android Studio2\jre\jre\bin\management.dll

VM Arguments:
jvm_args: -Xmx1536m -Dfile.encoding=windows-1252 -Duser.country=US -Duser.language=en -Duser.variant 
java_command: org.gradle.launcher.daemon.bootstrap.GradleDaemon 3.3
java_class_path (initial): C:\Users\chicktech\.gradle\wrapper\dists\gradle-3.3-all\55gk2rcmfc6p2dg9u9ohc3hw9\gradle-3.3\lib\gradle-launcher-3.3.jar
Launcher Type: SUN_STANDARD

Environment Variables:
PATH=C:\Program Files (x86)\Intel\TXE Components\iCLS\;C:\Program Files\Intel\TXE Components\iCLS\;C:\WINDOWS\system32;C:\WINDOWS;C:\WINDOWS\System32\Wbem;C:\WINDOWS\System32\WindowsPowerShell\v1.0\;C:\Program Files\Intel\TXE Components\DAL\;C:\Program Files (x86)\Intel\TXE Components\DAL\;C:\Program Files\Intel\TXE Components\IPT\;C:\Program Files (x86)\Intel\TXE Components\IPT\;C:\Program Files\Git\cmd;C:\Users\chicktech\AppData\Local\Microsoft\WindowsApps;
USERNAME=chicktech
OS=Windows_NT
PROCESSOR_IDENTIFIER=Intel64 Family 6 Model 92 Stepping 9, GenuineIntel



---------------  S Y S T E M  ---------------

OS: Windows 10.0 , 64 bit Build 16299 (10.0.16299.15)

CPU:total 4 (initial active 4) (4 cores per cpu, 1 threads per core) family 6 model 92 stepping 9, cmov, cx8, fxsr, mmx, sse, sse2, sse3, ssse3, sse4.1, sse4.2, popcnt, aes, clmul, erms, 3dnowpref, tsc, tscinvbit

Memory: 4k page, physical 4030688k(268200k free), swap 5310688k(1704k free)

vm_info: OpenJDK 64-Bit Server VM (25.152-b01) for windows-amd64 JRE (1.8.0_152-release-915-b01), built by "builder" with MS VC++ 10.0 (VS2010)

time: Fri Dec 08 11:11:57 2017
elapsed time: 97 seconds (0d 0h 1m 37s)

